[analyze] 2026-02-09T00:01:29.328250+00:00 updated=0
[analyze] 2026-02-09T09:00:07.854451+00:00 updated=24
[analyze] 2026-02-09T09:30:05.872095+00:00 updated=2
[analyze] 2026-02-09T10:00:11.240308+00:00 updated=1
[analyze] 2026-02-09T10:30:01.399415+00:00 updated=0
[analyze] 2026-02-09T11:00:01.553519+00:00 updated=0
[analyze] 2026-02-09T12:00:01.326166+00:00 updated=0
[analyze] 2026-02-09T12:30:01.558296+00:00 updated=0
[analyze] 2026-02-09T13:00:01.266826+00:00 updated=0
[analyze] 2026-02-09T13:30:05.405088+00:00 updated=20
[analyze] 2026-02-09T14:00:05.412545+00:00 updated=2
[analyze] 2026-02-09T16:30:05.808015+00:00 updated=31
[analyze] 2026-02-09T17:00:05.739362+00:00 updated=0
[analyze] 2026-02-09T17:30:06.474936+00:00 updated=4
[analyze] 2026-02-09T18:00:06.399072+00:00 updated=4
[analyze] 2026-02-09T18:30:05.075760+00:00 updated=7
[analyze] 2026-02-09T19:00:05.073044+00:00 updated=8
[analyze] 2026-02-09T19:30:09.263704+00:00 updated=1
[analyze] 2026-02-09T20:00:07.575563+00:00 updated=4
[analyze] 2026-02-09T20:30:04.875365+00:00 updated=5
[analyze] 2026-02-09T21:00:07.584788+00:00 updated=3
[analyze] 2026-02-09T21:30:09.935767+00:00 updated=2
[analyze] 2026-02-09T22:00:05.617149+00:00 updated=5
[analyze] 2026-02-09T22:30:05.691422+00:00 updated=3
[analyze] 2026-02-09T23:00:05.528724+00:00 updated=3
[analyze] 2026-02-09T23:30:04.931163+00:00 updated=1
[analyze] 2026-02-10T00:00:05.058502+00:00 updated=2
[analyze] 2026-02-10T00:30:05.069145+00:00 updated=2
[analyze] 2026-02-10T01:00:04.768909+00:00 updated=0
[analyze] 2026-02-10T09:30:00.947801+00:00 updated=0
[analyze] 2026-02-10T10:00:05.286795+00:00 updated=20
[analyze] 2026-02-10T11:00:05.360263+00:00 updated=2
[analyze] 2026-02-10T13:00:01.873974+00:00 updated=0
[analyze] 2026-02-10T13:30:01.885607+00:00 updated=0
[analyze] 2026-02-10T14:32:29.117572+00:00 updated=15
[analyze] 2026-02-10T15:00:06.201586+00:00 updated=0
[analyze] 2026-02-10T15:30:05.925150+00:00 updated=1
[analyze] 2026-02-10T16:30:05.821389+00:00 updated=6
[analyze] 2026-02-10T17:00:06.248184+00:00 updated=0
[analyze] 2026-02-10T17:30:04.859175+00:00 updated=3
[analyze] 2026-02-10T18:00:06.329446+00:00 updated=2
[analyze] 2026-02-10T20:31:25.637031+00:00 updated=13
[analyze] 2026-02-10T21:00:05.631303+00:00 updated=2
[analyze] 2026-02-10T21:30:14.461534+00:00 updated=4
[analyze] 2026-02-10T22:00:10.114287+00:00 updated=1
[analyze] 2026-02-10T22:30:05.415547+00:00 updated=1
[analyze] 2026-02-10T23:00:07.199219+00:00 updated=3
[analyze] 2026-02-10T23:30:05.950396+00:00 updated=3
[analyze] 2026-02-11T00:00:11.352767+00:00 updated=2
[analyze] 2026-02-11T00:30:05.595024+00:00 updated=1
[analyze] 2026-02-11T01:00:05.425868+00:00 updated=1
[analyze] 2026-02-11T01:30:06.123682+00:00 updated=0
[analyze] 2026-02-11T02:00:04.726150+00:00 updated=4
[analyze] 2026-02-11T02:30:05.340215+00:00 updated=0
[analyze] 2026-02-11T03:00:05.268776+00:00 updated=1
[analyze] 2026-02-11T03:30:05.337362+00:00 updated=0
[analyze] 2026-02-11T04:00:05.293149+00:00 updated=2
[analyze] 2026-02-11T04:30:05.428907+00:00 updated=3
[analyze] 2026-02-11T05:00:05.073659+00:00 updated=1
[analyze] 2026-02-11T05:30:05.119690+00:00 updated=3
[analyze] 2026-02-11T06:00:04.980469+00:00 updated=1
[analyze] 2026-02-11T07:00:01.877448+00:00 updated=0
[analyze] 2026-02-11T07:30:00.758857+00:00 updated=0
[analyze] 2026-02-11T08:00:00.845047+00:00 updated=0
[analyze] 2026-02-11T08:30:05.588685+00:00 updated=11
[analyze] 2026-02-11T09:00:07.116161+00:00 updated=1
[analyze] 2026-02-11T09:30:05.625967+00:00 updated=2
[analyze] 2026-02-11T10:00:07.275977+00:00 updated=3
[analyze] 2026-02-11T10:30:05.798365+00:00 updated=2
[analyze] 2026-02-11T11:00:05.237873+00:00 updated=3
[analyze] 2026-02-11T11:30:06.159381+00:00 updated=4
[analyze] 2026-02-11T12:00:06.182541+00:00 updated=1
[analyze] 2026-02-11T12:30:06.527158+00:00 updated=1
[analyze] 2026-02-11T13:00:07.142320+00:00 updated=3
[analyze] 2026-02-11T16:30:04.972472+00:00 updated=19
[analyze] 2026-02-11T17:00:09.692777+00:00 updated=3
[analyze] 2026-02-11T17:30:04.688144+00:00 updated=2
[analyze] 2026-02-11T18:00:04.806342+00:00 updated=4
[analyze] 2026-02-11T18:30:05.595295+00:00 updated=4
[analyze] 2026-02-11T19:00:05.079968+00:00 updated=2
[analyze] 2026-02-11T19:30:09.034569+00:00 updated=2
[analyze] 2026-02-11T20:00:05.235723+00:00 updated=4
[analyze] 2026-02-11T20:30:08.668831+00:00 updated=2
[analyze] 2026-02-11T21:00:09.424402+00:00 updated=4
[analyze] 2026-02-11T21:30:05.489228+00:00 updated=1
[analyze] 2026-02-11T22:00:06.216686+00:00 updated=2
[analyze] 2026-02-11T22:30:05.499830+00:00 updated=4
[analyze] 2026-02-11T23:03:31.147607+00:00 updated=0
Traceback (most recent call last):
  File "/Users/johnnymahony/Projects/atlas/analyze_signal.py", line 4, in <module>
    import storage
  File "/Users/johnnymahony/Projects/atlas/storage.py", line 51, in <module>
    origin: str | None,
TypeError: unsupported operand type(s) for |: 'type' and 'NoneType'
Traceback (most recent call last):
  File "/Users/johnnymahony/Projects/atlas/analyze_signal.py", line 4, in <module>
    import storage
  File "/Users/johnnymahony/Projects/atlas/storage.py", line 51, in <module>
    origin: str | None,
TypeError: unsupported operand type(s) for |: 'type' and 'NoneType'
Traceback (most recent call last):
  File "/Users/johnnymahony/Projects/atlas/analyze_signal.py", line 4, in <module>
    import storage
  File "/Users/johnnymahony/Projects/atlas/storage.py", line 51, in <module>
    origin: str | None,
TypeError: unsupported operand type(s) for |: 'type' and 'NoneType'
Traceback (most recent call last):
  File "/Users/johnnymahony/Projects/atlas/analyze_signal.py", line 4, in <module>
    import storage
  File "/Users/johnnymahony/Projects/atlas/storage.py", line 51, in <module>
    origin: str | None,
TypeError: unsupported operand type(s) for |: 'type' and 'NoneType'
Traceback (most recent call last):
  File "/Users/johnnymahony/Projects/atlas/analyze_signal.py", line 4, in <module>
    import storage
  File "/Users/johnnymahony/Projects/atlas/storage.py", line 51, in <module>
    origin: str | None,
TypeError: unsupported operand type(s) for |: 'type' and 'NoneType'
Traceback (most recent call last):
  File "/Users/johnnymahony/Projects/atlas/analyze_signal.py", line 4, in <module>
    import storage
  File "/Users/johnnymahony/Projects/atlas/storage.py", line 51, in <module>
    origin: str | None,
TypeError: unsupported operand type(s) for |: 'type' and 'NoneType'
Traceback (most recent call last):
  File "/Users/johnnymahony/Projects/atlas/analyze_signal.py", line 4, in <module>
    import storage
  File "/Users/johnnymahony/Projects/atlas/storage.py", line 51, in <module>
    origin: str | None,
TypeError: unsupported operand type(s) for |: 'type' and 'NoneType'
Traceback (most recent call last):
  File "/Users/johnnymahony/Projects/atlas/analyze_signal.py", line 4, in <module>
    import storage
  File "/Users/johnnymahony/Projects/atlas/storage.py", line 51, in <module>
    origin: str | None,
TypeError: unsupported operand type(s) for |: 'type' and 'NoneType'
Traceback (most recent call last):
  File "/Users/johnnymahony/Projects/atlas/analyze_signal.py", line 4, in <module>
    import storage
  File "/Users/johnnymahony/Projects/atlas/storage.py", line 51, in <module>
    origin: str | None,
TypeError: unsupported operand type(s) for |: 'type' and 'NoneType'
Traceback (most recent call last):
  File "/Users/johnnymahony/Projects/atlas/analyze_signal.py", line 4, in <module>
    import storage
  File "/Users/johnnymahony/Projects/atlas/storage.py", line 51, in <module>
    origin: str | None,
TypeError: unsupported operand type(s) for |: 'type' and 'NoneType'
Traceback (most recent call last):
  File "/Users/johnnymahony/Projects/atlas/analyze_signal.py", line 4, in <module>
    import storage
  File "/Users/johnnymahony/Projects/atlas/storage.py", line 51, in <module>
    origin: str | None,
TypeError: unsupported operand type(s) for |: 'type' and 'NoneType'
Traceback (most recent call last):
  File "/Users/johnnymahony/Projects/atlas/analyze_signal.py", line 4, in <module>
    import storage
  File "/Users/johnnymahony/Projects/atlas/storage.py", line 51, in <module>
    origin: str | None,
TypeError: unsupported operand type(s) for |: 'type' and 'NoneType'
Traceback (most recent call last):
  File "/Users/johnnymahony/Projects/atlas/analyze_signal.py", line 4, in <module>
    import storage
  File "/Users/johnnymahony/Projects/atlas/storage.py", line 51, in <module>
    origin: str | None,
TypeError: unsupported operand type(s) for |: 'type' and 'NoneType'
Traceback (most recent call last):
  File "/Users/johnnymahony/Projects/atlas/analyze_signal.py", line 4, in <module>
    import storage
  File "/Users/johnnymahony/Projects/atlas/storage.py", line 51, in <module>
    origin: str | None,
TypeError: unsupported operand type(s) for |: 'type' and 'NoneType'
Traceback (most recent call last):
  File "/Users/johnnymahony/Projects/atlas/analyze_signal.py", line 4, in <module>
    import storage
  File "/Users/johnnymahony/Projects/atlas/storage.py", line 51, in <module>
    origin: str | None,
TypeError: unsupported operand type(s) for |: 'type' and 'NoneType'
Traceback (most recent call last):
  File "/Users/johnnymahony/Projects/atlas/analyze_signal.py", line 4, in <module>
    import storage
  File "/Users/johnnymahony/Projects/atlas/storage.py", line 51, in <module>
    origin: str | None,
TypeError: unsupported operand type(s) for |: 'type' and 'NoneType'
Traceback (most recent call last):
  File "/Users/johnnymahony/Projects/atlas/analyze_signal.py", line 4, in <module>
    import storage
  File "/Users/johnnymahony/Projects/atlas/storage.py", line 51, in <module>
    origin: str | None,
TypeError: unsupported operand type(s) for |: 'type' and 'NoneType'
Traceback (most recent call last):
  File "/Users/johnnymahony/Projects/atlas/analyze_signal.py", line 4, in <module>
    import storage
  File "/Users/johnnymahony/Projects/atlas/storage.py", line 51, in <module>
    origin: str | None,
TypeError: unsupported operand type(s) for |: 'type' and 'NoneType'
Traceback (most recent call last):
  File "/Users/johnnymahony/Projects/atlas/analyze_signal.py", line 4, in <module>
    import storage
  File "/Users/johnnymahony/Projects/atlas/storage.py", line 51, in <module>
    origin: str | None,
TypeError: unsupported operand type(s) for |: 'type' and 'NoneType'
Traceback (most recent call last):
  File "/Users/johnnymahony/Projects/atlas/analyze_signal.py", line 4, in <module>
    import storage
  File "/Users/johnnymahony/Projects/atlas/storage.py", line 51, in <module>
    origin: str | None,
TypeError: unsupported operand type(s) for |: 'type' and 'NoneType'
Traceback (most recent call last):
  File "/Users/johnnymahony/Projects/atlas/analyze_signal.py", line 4, in <module>
    import storage
  File "/Users/johnnymahony/Projects/atlas/storage.py", line 51, in <module>
    origin: str | None,
TypeError: unsupported operand type(s) for |: 'type' and 'NoneType'
Traceback (most recent call last):
  File "/Users/johnnymahony/Projects/atlas/analyze_signal.py", line 4, in <module>
    import storage
  File "/Users/johnnymahony/Projects/atlas/storage.py", line 51, in <module>
    origin: str | None,
TypeError: unsupported operand type(s) for |: 'type' and 'NoneType'
Traceback (most recent call last):
  File "/Users/johnnymahony/Projects/atlas/analyze_signal.py", line 4, in <module>
    import storage
  File "/Users/johnnymahony/Projects/atlas/storage.py", line 51, in <module>
    origin: str | None,
TypeError: unsupported operand type(s) for |: 'type' and 'NoneType'
Traceback (most recent call last):
  File "/Users/johnnymahony/Projects/atlas/analyze_signal.py", line 4, in <module>
    import storage
  File "/Users/johnnymahony/Projects/atlas/storage.py", line 51, in <module>
    origin: str | None,
TypeError: unsupported operand type(s) for |: 'type' and 'NoneType'
Traceback (most recent call last):
  File "/Users/johnnymahony/Projects/atlas/analyze_signal.py", line 4, in <module>
    import storage
  File "/Users/johnnymahony/Projects/atlas/storage.py", line 51, in <module>
    origin: str | None,
TypeError: unsupported operand type(s) for |: 'type' and 'NoneType'
Traceback (most recent call last):
  File "/Users/johnnymahony/Projects/atlas/analyze_signal.py", line 4, in <module>
    import storage
  File "/Users/johnnymahony/Projects/atlas/storage.py", line 51, in <module>
    origin: str | None,
TypeError: unsupported operand type(s) for |: 'type' and 'NoneType'
Traceback (most recent call last):
  File "/Users/johnnymahony/Projects/atlas/analyze_signal.py", line 4, in <module>
    import storage
  File "/Users/johnnymahony/Projects/atlas/storage.py", line 51, in <module>
    origin: str | None,
TypeError: unsupported operand type(s) for |: 'type' and 'NoneType'
Traceback (most recent call last):
  File "/Users/johnnymahony/Projects/atlas/analyze_signal.py", line 4, in <module>
    import storage
  File "/Users/johnnymahony/Projects/atlas/storage.py", line 51, in <module>
    origin: str | None,
TypeError: unsupported operand type(s) for |: 'type' and 'NoneType'
Traceback (most recent call last):
  File "/Users/johnnymahony/Projects/atlas/analyze_signal.py", line 4, in <module>
    import storage
  File "/Users/johnnymahony/Projects/atlas/storage.py", line 51, in <module>
    origin: str | None,
TypeError: unsupported operand type(s) for |: 'type' and 'NoneType'
Traceback (most recent call last):
  File "/Users/johnnymahony/Projects/atlas/analyze_signal.py", line 4, in <module>
    import storage
  File "/Users/johnnymahony/Projects/atlas/storage.py", line 51, in <module>
    origin: str | None,
TypeError: unsupported operand type(s) for |: 'type' and 'NoneType'
Traceback (most recent call last):
  File "/Users/johnnymahony/Projects/atlas/analyze_signal.py", line 4, in <module>
    import storage
  File "/Users/johnnymahony/Projects/atlas/storage.py", line 51, in <module>
    origin: str | None,
TypeError: unsupported operand type(s) for |: 'type' and 'NoneType'
Traceback (most recent call last):
  File "/Users/johnnymahony/Projects/atlas/analyze_signal.py", line 4, in <module>
    import storage
  File "/Users/johnnymahony/Projects/atlas/storage.py", line 51, in <module>
    origin: str | None,
TypeError: unsupported operand type(s) for |: 'type' and 'NoneType'
Traceback (most recent call last):
  File "/Users/johnnymahony/Projects/atlas/analyze_signal.py", line 4, in <module>
    import storage
  File "/Users/johnnymahony/Projects/atlas/storage.py", line 51, in <module>
    origin: str | None,
TypeError: unsupported operand type(s) for |: 'type' and 'NoneType'
Traceback (most recent call last):
  File "/Users/johnnymahony/Projects/atlas/analyze_signal.py", line 4, in <module>
    import storage
  File "/Users/johnnymahony/Projects/atlas/storage.py", line 51, in <module>
    origin: str | None,
TypeError: unsupported operand type(s) for |: 'type' and 'NoneType'
Traceback (most recent call last):
  File "/Users/johnnymahony/Projects/atlas/analyze_signal.py", line 4, in <module>
    import storage
  File "/Users/johnnymahony/Projects/atlas/storage.py", line 51, in <module>
    origin: str | None,
TypeError: unsupported operand type(s) for |: 'type' and 'NoneType'
Traceback (most recent call last):
  File "/Users/johnnymahony/Projects/atlas/analyze_signal.py", line 4, in <module>
    import storage
  File "/Users/johnnymahony/Projects/atlas/storage.py", line 42, in <module>
    def save_signal(row: dict | None = None, **kwargs) -> int:
TypeError: unsupported operand type(s) for |: 'type' and 'NoneType'
Traceback (most recent call last):
  File "/Users/johnnymahony/Projects/atlas/analyze_signal.py", line 4, in <module>
    import storage
  File "/Users/johnnymahony/Projects/atlas/storage.py", line 42, in <module>
    def save_signal(row: dict | None = None, **kwargs) -> int:
TypeError: unsupported operand type(s) for |: 'type' and 'NoneType'
Traceback (most recent call last):
  File "/Users/johnnymahony/Projects/atlas/analyze_signal.py", line 4, in <module>
    import storage
  File "/Users/johnnymahony/Projects/atlas/storage.py", line 42, in <module>
    def save_signal(row: dict | None = None, **kwargs) -> int:
TypeError: unsupported operand type(s) for |: 'type' and 'NoneType'
Traceback (most recent call last):
  File "/Users/johnnymahony/Projects/atlas/analyze_signal.py", line 4, in <module>
    import storage
  File "/Users/johnnymahony/Projects/atlas/storage.py", line 42, in <module>
    def save_signal(row: dict | None = None, **kwargs) -> int:
TypeError: unsupported operand type(s) for |: 'type' and 'NoneType'
Traceback (most recent call last):
  File "/Users/johnnymahony/Projects/atlas/analyze_signal.py", line 4, in <module>
    import storage
  File "/Users/johnnymahony/Projects/atlas/storage.py", line 42, in <module>
    def save_signal(row: dict | None = None, **kwargs) -> int:
TypeError: unsupported operand type(s) for |: 'type' and 'NoneType'
Traceback (most recent call last):
  File "/Users/johnnymahony/Projects/atlas/analyze_signal.py", line 4, in <module>
    import storage
  File "/Users/johnnymahony/Projects/atlas/storage.py", line 42, in <module>
    def save_signal(row: dict | None = None, **kwargs) -> int:
TypeError: unsupported operand type(s) for |: 'type' and 'NoneType'
Traceback (most recent call last):
  File "/Users/johnnymahony/Projects/atlas/analyze_signal.py", line 4, in <module>
    import storage
  File "/Users/johnnymahony/Projects/atlas/storage.py", line 42, in <module>
    def save_signal(row: dict | None = None, **kwargs) -> int:
TypeError: unsupported operand type(s) for |: 'type' and 'NoneType'
Traceback (most recent call last):
  File "/Users/johnnymahony/Projects/atlas/analyze_signal.py", line 4, in <module>
    import storage
  File "/Users/johnnymahony/Projects/atlas/storage.py", line 42, in <module>
    def save_signal(row: dict | None = None, **kwargs) -> int:
TypeError: unsupported operand type(s) for |: 'type' and 'NoneType'
Traceback (most recent call last):
  File "/Users/johnnymahony/Projects/atlas/analyze_signal.py", line 4, in <module>
    import storage
  File "/Users/johnnymahony/Projects/atlas/storage.py", line 42, in <module>
    def save_signal(row: dict | None = None, **kwargs) -> int:
TypeError: unsupported operand type(s) for |: 'type' and 'NoneType'
Traceback (most recent call last):
  File "/Users/johnnymahony/Projects/atlas/analyze_signal.py", line 4, in <module>
    import storage
  File "/Users/johnnymahony/Projects/atlas/storage.py", line 42, in <module>
    def save_signal(row: dict | None = None, **kwargs) -> int:
TypeError: unsupported operand type(s) for |: 'type' and 'NoneType'
Traceback (most recent call last):
  File "/Users/johnnymahony/Projects/atlas/analyze_signal.py", line 4, in <module>
    import storage
  File "/Users/johnnymahony/Projects/atlas/storage.py", line 42, in <module>
    def save_signal(row: dict | None = None, **kwargs) -> int:
TypeError: unsupported operand type(s) for |: 'type' and 'NoneType'
Traceback (most recent call last):
  File "/Users/johnnymahony/Projects/atlas/analyze_signal.py", line 4, in <module>
    import storage
  File "/Users/johnnymahony/Projects/atlas/storage.py", line 42, in <module>
    def save_signal(row: dict | None = None, **kwargs) -> int:
TypeError: unsupported operand type(s) for |: 'type' and 'NoneType'
