[analyze] 2026-02-09T00:01:29.301234+00:00 updated=0
Traceback (most recent call last):
  File "/Users/johnnymahony/Projects/atlas/fetch_rss.py", line 5, in <module>
    import feedparser
ModuleNotFoundError: No module named 'feedparser'
Traceback (most recent call last):
  File "/Users/johnnymahony/Projects/atlas/fetch_rss.py", line 5, in <module>
    import feedparser
ModuleNotFoundError: No module named 'feedparser'
Traceback (most recent call last):
  File "/Users/johnnymahony/Projects/atlas/fetch_rss.py", line 5, in <module>
    import feedparser
ModuleNotFoundError: No module named 'feedparser'
Traceback (most recent call last):
  File "/Users/johnnymahony/Projects/atlas/fetch_rss.py", line 5, in <module>
    import feedparser
ModuleNotFoundError: No module named 'feedparser'
Traceback (most recent call last):
  File "/Users/johnnymahony/Projects/atlas/fetch_rss.py", line 5, in <module>
    import feedparser
ModuleNotFoundError: No module named 'feedparser'
Traceback (most recent call last):
  File "/Users/johnnymahony/Projects/atlas/fetch_rss.py", line 5, in <module>
    import feedparser
ModuleNotFoundError: No module named 'feedparser'
Traceback (most recent call last):
  File "/Users/johnnymahony/Projects/atlas/fetch_rss.py", line 5, in <module>
    import feedparser
ModuleNotFoundError: No module named 'feedparser'
Traceback (most recent call last):
  File "/Users/johnnymahony/Projects/atlas/fetch_rss.py", line 5, in <module>
    import feedparser
ModuleNotFoundError: No module named 'feedparser'
Traceback (most recent call last):
  File "/Users/johnnymahony/Projects/atlas/fetch_rss.py", line 5, in <module>
    import feedparser
ModuleNotFoundError: No module named 'feedparser'
Traceback (most recent call last):
  File "/Users/johnnymahony/Projects/atlas/fetch_rss.py", line 5, in <module>
    import feedparser
ModuleNotFoundError: No module named 'feedparser'
Traceback (most recent call last):
  File "/Users/johnnymahony/Projects/atlas/fetch_rss.py", line 5, in <module>
    import feedparser
ModuleNotFoundError: No module named 'feedparser'
Traceback (most recent call last):
  File "/Users/johnnymahony/Projects/atlas/fetch_rss.py", line 5, in <module>
    import feedparser
ModuleNotFoundError: No module named 'feedparser'
Traceback (most recent call last):
  File "/Users/johnnymahony/Projects/atlas/fetch_rss.py", line 5, in <module>
    import feedparser
ModuleNotFoundError: No module named 'feedparser'
Traceback (most recent call last):
  File "/Users/johnnymahony/Projects/atlas/fetch_rss.py", line 5, in <module>
    import feedparser
ModuleNotFoundError: No module named 'feedparser'
Traceback (most recent call last):
  File "/Users/johnnymahony/Projects/atlas/fetch_rss.py", line 5, in <module>
    import feedparser
ModuleNotFoundError: No module named 'feedparser'
Traceback (most recent call last):
  File "/Users/johnnymahony/Projects/atlas/fetch_rss.py", line 5, in <module>
    import feedparser
ModuleNotFoundError: No module named 'feedparser'
Traceback (most recent call last):
  File "/Users/johnnymahony/Projects/atlas/fetch_rss.py", line 5, in <module>
    import feedparser
ModuleNotFoundError: No module named 'feedparser'
Traceback (most recent call last):
  File "/Users/johnnymahony/Projects/atlas/fetch_rss.py", line 5, in <module>
    import feedparser
ModuleNotFoundError: No module named 'feedparser'
Traceback (most recent call last):
  File "/Users/johnnymahony/Projects/atlas/fetch_rss.py", line 5, in <module>
    import feedparser
ModuleNotFoundError: No module named 'feedparser'
Traceback (most recent call last):
  File "/Users/johnnymahony/Projects/atlas/fetch_rss.py", line 5, in <module>
    import feedparser
ModuleNotFoundError: No module named 'feedparser'
Traceback (most recent call last):
  File "/Users/johnnymahony/Projects/atlas/fetch_rss.py", line 5, in <module>
    import feedparser
ModuleNotFoundError: No module named 'feedparser'
Traceback (most recent call last):
  File "/Users/johnnymahony/Projects/atlas/fetch_rss.py", line 5, in <module>
    import feedparser
ModuleNotFoundError: No module named 'feedparser'
Traceback (most recent call last):
  File "/Users/johnnymahony/Projects/atlas/fetch_rss.py", line 5, in <module>
    import feedparser
ModuleNotFoundError: No module named 'feedparser'
Traceback (most recent call last):
  File "/Users/johnnymahony/Projects/atlas/fetch_rss.py", line 5, in <module>
    import feedparser
ModuleNotFoundError: No module named 'feedparser'
Traceback (most recent call last):
  File "/Users/johnnymahony/Projects/atlas/fetch_rss.py", line 5, in <module>
    import feedparser
ModuleNotFoundError: No module named 'feedparser'
Traceback (most recent call last):
  File "/Users/johnnymahony/Projects/atlas/fetch_rss.py", line 5, in <module>
    import feedparser
ModuleNotFoundError: No module named 'feedparser'
Traceback (most recent call last):
  File "/Users/johnnymahony/Projects/atlas/fetch_rss.py", line 5, in <module>
    import feedparser
ModuleNotFoundError: No module named 'feedparser'
Traceback (most recent call last):
  File "/Users/johnnymahony/Projects/atlas/fetch_rss.py", line 5, in <module>
    import feedparser
ModuleNotFoundError: No module named 'feedparser'
Traceback (most recent call last):
  File "/Users/johnnymahony/Projects/atlas/fetch_rss.py", line 5, in <module>
    import feedparser
ModuleNotFoundError: No module named 'feedparser'
Traceback (most recent call last):
  File "/Users/johnnymahony/Projects/atlas/fetch_rss.py", line 5, in <module>
    import feedparser
ModuleNotFoundError: No module named 'feedparser'
Traceback (most recent call last):
  File "/Users/johnnymahony/Projects/atlas/fetch_rss.py", line 5, in <module>
    import feedparser
ModuleNotFoundError: No module named 'feedparser'
Traceback (most recent call last):
  File "/Users/johnnymahony/Projects/atlas/fetch_rss.py", line 5, in <module>
    import feedparser
ModuleNotFoundError: No module named 'feedparser'
Traceback (most recent call last):
  File "/Users/johnnymahony/Projects/atlas/fetch_rss.py", line 5, in <module>
    import feedparser
ModuleNotFoundError: No module named 'feedparser'
Traceback (most recent call last):
  File "/Users/johnnymahony/Projects/atlas/fetch_rss.py", line 5, in <module>
    import feedparser
ModuleNotFoundError: No module named 'feedparser'
Traceback (most recent call last):
  File "/Users/johnnymahony/Projects/atlas/fetch_rss.py", line 5, in <module>
    import feedparser
ModuleNotFoundError: No module named 'feedparser'
Traceback (most recent call last):
  File "/Users/johnnymahony/Projects/atlas/fetch_rss.py", line 5, in <module>
    import feedparser
ModuleNotFoundError: No module named 'feedparser'
Traceback (most recent call last):
  File "/Users/johnnymahony/Projects/atlas/fetch_rss.py", line 5, in <module>
    import feedparser
ModuleNotFoundError: No module named 'feedparser'
Traceback (most recent call last):
  File "/Users/johnnymahony/Projects/atlas/fetch_rss.py", line 5, in <module>
    import feedparser
ModuleNotFoundError: No module named 'feedparser'
Traceback (most recent call last):
  File "/Users/johnnymahony/Projects/atlas/fetch_rss.py", line 5, in <module>
    import feedparser
ModuleNotFoundError: No module named 'feedparser'
Traceback (most recent call last):
  File "/Users/johnnymahony/Projects/atlas/fetch_rss.py", line 5, in <module>
    import feedparser
ModuleNotFoundError: No module named 'feedparser'
Traceback (most recent call last):
  File "/Users/johnnymahony/Projects/atlas/fetch_rss.py", line 5, in <module>
    import feedparser
ModuleNotFoundError: No module named 'feedparser'
Traceback (most recent call last):
  File "/Users/johnnymahony/Projects/atlas/fetch_rss.py", line 5, in <module>
    import feedparser
ModuleNotFoundError: No module named 'feedparser'
Traceback (most recent call last):
  File "/Users/johnnymahony/Projects/atlas/fetch_rss.py", line 5, in <module>
    import feedparser
ModuleNotFoundError: No module named 'feedparser'
Traceback (most recent call last):
  File "/Users/johnnymahony/Projects/atlas/fetch_rss.py", line 5, in <module>
    import feedparser
ModuleNotFoundError: No module named 'feedparser'
Traceback (most recent call last):
  File "/Users/johnnymahony/Projects/atlas/fetch_rss.py", line 5, in <module>
    import feedparser
ModuleNotFoundError: No module named 'feedparser'
Traceback (most recent call last):
  File "/Users/johnnymahony/Projects/atlas/fetch_rss.py", line 5, in <module>
    import feedparser
ModuleNotFoundError: No module named 'feedparser'
Traceback (most recent call last):
  File "/Users/johnnymahony/Projects/atlas/fetch_rss.py", line 5, in <module>
    import feedparser
ModuleNotFoundError: No module named 'feedparser'
